This file contains any messages produced by compilers while
running configure, to aid debugging if configure makes a mistake.

It was created by zookeeper C client configure 3.3.5, which was
generated by GNU Autoconf 2.69.  Invocation command line was

  $ ./configure --prefix=/usr --no-create --no-recursion

## --------- ##
## Platform. ##
## --------- ##

hostname = u200
uname -m = x86_64
uname -r = 3.5.3-1-ARCH
uname -s = Linux
uname -v = #1 SMP PREEMPT Sun Aug 26 09:14:51 CEST 2012

/usr/bin/uname -p = unknown
/bin/uname -X     = unknown

/bin/arch              = unknown
/usr/bin/arch -k       = unknown
/usr/convex/getsysinfo = unknown
/usr/bin/hostinfo      = unknown
/bin/machine           = unknown
/usr/bin/oslevel       = unknown
/bin/universe          = unknown

PATH: /usr/local/bin
PATH: /usr/bin
PATH: /bin
PATH: /usr/local/sbin
PATH: /usr/sbin
PATH: /sbin
PATH: /usr/bin/core_perl


## ----------- ##
## Core tests. ##
## ----------- ##

configure:2580: checking for doxygen
configure:2613: result: no
configure:2686: checking for perl
configure:2704: found /usr/bin/perl
configure:2716: result: /usr/bin/perl
configure:2858: checking for dot
configure:2891: result: no
configure:4445: checking for a BSD-compatible install
configure:4513: result: /usr/bin/install -c
configure:4524: checking whether build environment is sane
configure:4574: result: yes
configure:4715: checking for a thread-safe mkdir -p
configure:4754: result: /bin/mkdir -p
configure:4767: checking for gawk
configure:4783: found /usr/bin/gawk
configure:4794: result: gawk
configure:4805: checking whether make sets $(MAKE)
configure:4827: result: yes
configure:4957: checking for cppunit-config
configure:4988: result: no
configure:4998: checking for Cppunit - version >= 1.10.2
configure:5002: result: no
configure:5070: checking for generated/zookeeper.jute.c
configure:5083: result: yes
configure:5095: checking for generated/zookeeper.jute.h
configure:5108: result: yes
configure:5172: checking for gcc
configure:5188: found /usr/bin/gcc
configure:5199: result: gcc
configure:5428: checking for C compiler version
configure:5437: gcc --version >&5
gcc (GCC) 4.7.1 20120721 (prerelease)
Copyright (C) 2012 Free Software Foundation, Inc.
This is free software; see the source for copying conditions.  There is NO
warranty; not even for MERCHANTABILITY or FITNESS FOR A PARTICULAR PURPOSE.

configure:5448: $? = 0
configure:5437: gcc -v >&5
Using built-in specs.
COLLECT_GCC=gcc
COLLECT_LTO_WRAPPER=/usr/lib/gcc/x86_64-unknown-linux-gnu/4.7.1/lto-wrapper
Target: x86_64-unknown-linux-gnu
Configured with: /build/src/gcc-4.7-20120721/configure --prefix=/usr --libdir=/usr/lib --libexecdir=/usr/lib --mandir=/usr/share/man --infodir=/usr/share/info --with-bugurl=https://bugs.archlinux.org/ --enable-languages=c,c++,ada,fortran,go,lto,objc,obj-c++ --enable-shared --enable-threads=posix --with-system-zlib --enable-__cxa_atexit --disable-libunwind-exceptions --enable-clocale=gnu --disable-libstdcxx-pch --enable-libstdcxx-time --enable-gnu-unique-object --enable-linker-build-id --with-ppl --enable-cloog-backend=isl --disable-ppl-version-check --disable-cloog-version-check --enable-lto --enable-gold --enable-ld=default --enable-plugin --with-plugin-ld=ld.gold --with-linker-hash-style=gnu --disable-multilib --disable-libssp --disable-build-with-cxx --disable-build-poststage1-with-cxx --enable-checking=release
Thread model: posix
gcc version 4.7.1 20120721 (prerelease) (GCC) 
configure:5448: $? = 0
configure:5437: gcc -V >&5
gcc: error: unrecognized command line option '-V'
gcc: fatal error: no input files
compilation terminated.
configure:5448: $? = 1
configure:5437: gcc -qversion >&5
gcc: error: unrecognized command line option '-qversion'
gcc: fatal error: no input files
compilation terminated.
configure:5448: $? = 1
configure:5468: checking whether the C compiler works
configure:5490: gcc    conftest.c  >&5
configure:5494: $? = 0
configure:5542: result: yes
configure:5545: checking for C compiler default output file name
configure:5547: result: a.out
configure:5553: checking for suffix of executables
configure:5560: gcc -o conftest    conftest.c  >&5
configure:5564: $? = 0
configure:5586: result: 
configure:5608: checking whether we are cross compiling
configure:5616: gcc -o conftest    conftest.c  >&5
configure:5620: $? = 0
configure:5627: ./conftest
configure:5631: $? = 0
configure:5646: result: no
configure:5651: checking for suffix of object files
configure:5673: gcc -c   conftest.c >&5
configure:5677: $? = 0
configure:5698: result: o
configure:5702: checking whether we are using the GNU C compiler
configure:5721: gcc -c   conftest.c >&5
configure:5721: $? = 0
configure:5730: result: yes
configure:5739: checking whether gcc accepts -g
configure:5759: gcc -c -g  conftest.c >&5
configure:5759: $? = 0
configure:5800: result: yes
configure:5817: checking for gcc option to accept ISO C89
configure:5880: gcc  -c -g -O2  conftest.c >&5
configure:5880: $? = 0
configure:5893: result: none needed
configure:5924: checking for style of include used by make
configure:5952: result: GNU
configure:5977: checking dependency style of gcc
configure:6087: result: gcc3
configure:6103: checking whether gcc and cc understand -c and -o together
configure:6134: gcc -c conftest.c -o conftest2.o >&5
configure:6138: $? = 0
configure:6144: gcc -c conftest.c -o conftest2.o >&5
configure:6148: $? = 0
configure:6159: cc -c conftest.c >&5
configure:6163: $? = 0
configure:6171: cc -c conftest.c -o conftest2.o >&5
configure:6175: $? = 0
configure:6181: cc -c conftest.c -o conftest2.o >&5
configure:6185: $? = 0
configure:6203: result: yes
configure:6286: checking for g++
configure:6302: found /usr/bin/g++
configure:6313: result: g++
configure:6340: checking for C++ compiler version
configure:6349: g++ --version >&5
g++ (GCC) 4.7.1 20120721 (prerelease)
Copyright (C) 2012 Free Software Foundation, Inc.
This is free software; see the source for copying conditions.  There is NO
warranty; not even for MERCHANTABILITY or FITNESS FOR A PARTICULAR PURPOSE.

configure:6360: $? = 0
configure:6349: g++ -v >&5
Using built-in specs.
COLLECT_GCC=g++
COLLECT_LTO_WRAPPER=/usr/lib/gcc/x86_64-unknown-linux-gnu/4.7.1/lto-wrapper
Target: x86_64-unknown-linux-gnu
Configured with: /build/src/gcc-4.7-20120721/configure --prefix=/usr --libdir=/usr/lib --libexecdir=/usr/lib --mandir=/usr/share/man --infodir=/usr/share/info --with-bugurl=https://bugs.archlinux.org/ --enable-languages=c,c++,ada,fortran,go,lto,objc,obj-c++ --enable-shared --enable-threads=posix --with-system-zlib --enable-__cxa_atexit --disable-libunwind-exceptions --enable-clocale=gnu --disable-libstdcxx-pch --enable-libstdcxx-time --enable-gnu-unique-object --enable-linker-build-id --with-ppl --enable-cloog-backend=isl --disable-ppl-version-check --disable-cloog-version-check --enable-lto --enable-gold --enable-ld=default --enable-plugin --with-plugin-ld=ld.gold --with-linker-hash-style=gnu --disable-multilib --disable-libssp --disable-build-with-cxx --disable-build-poststage1-with-cxx --enable-checking=release
Thread model: posix
gcc version 4.7.1 20120721 (prerelease) (GCC) 
configure:6360: $? = 0
configure:6349: g++ -V >&5
g++: error: unrecognized command line option '-V'
g++: fatal error: no input files
compilation terminated.
configure:6360: $? = 1
configure:6349: g++ -qversion >&5
g++: error: unrecognized command line option '-qversion'
g++: fatal error: no input files
compilation terminated.
configure:6360: $? = 1
configure:6364: checking whether we are using the GNU C++ compiler
configure:6383: g++ -c   conftest.cpp >&5
configure:6383: $? = 0
configure:6392: result: yes
configure:6401: checking whether g++ accepts -g
configure:6421: g++ -c -g  conftest.cpp >&5
configure:6421: $? = 0
configure:6462: result: yes
configure:6487: checking dependency style of g++
configure:6597: result: gcc3
configure:6613: checking whether ln -s works
configure:6617: result: yes
configure:6655: checking build system type
configure:6669: result: x86_64-unknown-linux-gnu
configure:6689: checking host system type
configure:6702: result: x86_64-unknown-linux-gnu
configure:6743: checking how to print strings
configure:6770: result: printf
configure:6791: checking for a sed that does not truncate output
configure:6855: result: /bin/sed
configure:6873: checking for grep that handles long lines and -e
configure:6931: result: /usr/bin/grep
configure:6936: checking for egrep
configure:6998: result: /usr/bin/grep -E
configure:7003: checking for fgrep
configure:7065: result: /usr/bin/grep -F
configure:7100: checking for ld used by gcc
configure:7167: result: /usr/bin/ld
configure:7174: checking if the linker (/usr/bin/ld) is GNU ld
configure:7189: result: yes
configure:7201: checking for BSD- or MS-compatible name lister (nm)
configure:7250: result: /usr/bin/nm -B
configure:7380: checking the name lister (/usr/bin/nm -B) interface
configure:7387: gcc -c -g -O2  conftest.c >&5
configure:7390: /usr/bin/nm -B "conftest.o"
configure:7393: output
0000000000000000 B some_variable
configure:7400: result: BSD nm
configure:7404: checking the maximum length of command line arguments
configure:7529: result: 1572864
configure:7546: checking whether the shell understands some XSI constructs
configure:7556: result: yes
configure:7560: checking whether the shell understands "+="
configure:7566: result: yes
configure:7601: checking how to convert x86_64-unknown-linux-gnu file names to x86_64-unknown-linux-gnu format
configure:7641: result: func_convert_file_noop
configure:7648: checking how to convert x86_64-unknown-linux-gnu file names to toolchain format
configure:7668: result: func_convert_file_noop
configure:7675: checking for /usr/bin/ld option to reload object files
configure:7682: result: -r
configure:7756: checking for objdump
configure:7772: found /usr/bin/objdump
configure:7783: result: objdump
configure:7815: checking how to recognize dependent libraries
configure:8017: result: pass_all
configure:8102: checking for dlltool
configure:8132: result: no
configure:8162: checking how to associate runtime and link libraries
configure:8189: result: printf %s\n
configure:8250: checking for ar
configure:8266: found /usr/bin/ar
configure:8277: result: ar
configure:8314: checking for archiver @FILE support
configure:8331: gcc -c -g -O2  conftest.c >&5
configure:8331: $? = 0
configure:8334: ar cru libconftest.a @conftest.lst >&5
configure:8337: $? = 0
configure:8342: ar cru libconftest.a @conftest.lst >&5
ar: conftest.o: No such file or directory
configure:8345: $? = 1
configure:8357: result: @
configure:8415: checking for strip
configure:8431: found /usr/bin/strip
configure:8442: result: strip
configure:8514: checking for ranlib
configure:8530: found /usr/bin/ranlib
configure:8541: result: ranlib
configure:8643: checking command to parse /usr/bin/nm -B output from gcc object
configure:8762: gcc -c -g -O2  conftest.c >&5
configure:8765: $? = 0
configure:8769: /usr/bin/nm -B conftest.o \| sed -n -e 's/^.*[ ]\([ABCDGIRSTW][ABCDGIRSTW]*\)[ ][ ]*\([_A-Za-z][_A-Za-z0-9]*\)$/\1 \2 \2/p' | sed '/ __gnu_lto/d' \> conftest.nm
configure:8772: $? = 0
configure:8838: gcc -o conftest -g -O2   conftest.c conftstm.o >&5
configure:8841: $? = 0
configure:8879: result: ok
configure:8916: checking for sysroot
configure:8946: result: no
configure:9023: gcc -c -g -O2  conftest.c >&5
configure:9026: $? = 0
configure:9189: checking for mt
configure:9219: result: no
configure:9239: checking if : is a manifest tool
configure:9245: : '-?'
configure:9253: result: no
configure:9885: checking how to run the C preprocessor
configure:9916: gcc -E  conftest.c
configure:9916: $? = 0
configure:9930: gcc -E  conftest.c
conftest.c:13:28: fatal error: ac_nonexistent.h: No such file or directory
compilation terminated.
configure:9930: $? = 1
configure: failed program was:
| /* confdefs.h */
| #define PACKAGE_NAME "zookeeper C client"
| #define PACKAGE_TARNAME "c-client-src"
| #define PACKAGE_VERSION "3.3.5"
| #define PACKAGE_STRING "zookeeper C client 3.3.5"
| #define PACKAGE_BUGREPORT "zookeeper-user@hadoop.apache.org"
| #define PACKAGE_URL ""
| #define PACKAGE "c-client-src"
| #define VERSION "3.3.5"
| #define HAVE_GENERATED_ZOOKEEPER_JUTE_C 1
| #define HAVE_GENERATED_ZOOKEEPER_JUTE_H 1
| /* end confdefs.h.  */
| #include <ac_nonexistent.h>
configure:9955: result: gcc -E
configure:9975: gcc -E  conftest.c
configure:9975: $? = 0
configure:9989: gcc -E  conftest.c
conftest.c:13:28: fatal error: ac_nonexistent.h: No such file or directory
compilation terminated.
configure:9989: $? = 1
configure: failed program was:
| /* confdefs.h */
| #define PACKAGE_NAME "zookeeper C client"
| #define PACKAGE_TARNAME "c-client-src"
| #define PACKAGE_VERSION "3.3.5"
| #define PACKAGE_STRING "zookeeper C client 3.3.5"
| #define PACKAGE_BUGREPORT "zookeeper-user@hadoop.apache.org"
| #define PACKAGE_URL ""
| #define PACKAGE "c-client-src"
| #define VERSION "3.3.5"
| #define HAVE_GENERATED_ZOOKEEPER_JUTE_C 1
| #define HAVE_GENERATED_ZOOKEEPER_JUTE_H 1
| /* end confdefs.h.  */
| #include <ac_nonexistent.h>
configure:10018: checking for ANSI C header files
configure:10038: gcc -c -g -O2  conftest.c >&5
configure:10038: $? = 0
configure:10111: gcc -o conftest -g -O2   conftest.c  >&5
configure:10111: $? = 0
configure:10111: ./conftest
configure:10111: $? = 0
configure:10122: result: yes
configure:10135: checking for sys/types.h
configure:10135: gcc -c -g -O2  conftest.c >&5
configure:10135: $? = 0
configure:10135: result: yes
configure:10135: checking for sys/stat.h
configure:10135: gcc -c -g -O2  conftest.c >&5
configure:10135: $? = 0
configure:10135: result: yes
configure:10135: checking for stdlib.h
configure:10135: gcc -c -g -O2  conftest.c >&5
configure:10135: $? = 0
configure:10135: result: yes
configure:10135: checking for string.h
configure:10135: gcc -c -g -O2  conftest.c >&5
configure:10135: $? = 0
configure:10135: result: yes
configure:10135: checking for memory.h
configure:10135: gcc -c -g -O2  conftest.c >&5
configure:10135: $? = 0
configure:10135: result: yes
configure:10135: checking for strings.h
configure:10135: gcc -c -g -O2  conftest.c >&5
configure:10135: $? = 0
configure:10135: result: yes
configure:10135: checking for inttypes.h
configure:10135: gcc -c -g -O2  conftest.c >&5
configure:10135: $? = 0
configure:10135: result: yes
configure:10135: checking for stdint.h
configure:10135: gcc -c -g -O2  conftest.c >&5
configure:10135: $? = 0
configure:10135: result: yes
configure:10135: checking for unistd.h
configure:10135: gcc -c -g -O2  conftest.c >&5
configure:10135: $? = 0
configure:10135: result: yes
configure:10149: checking for dlfcn.h
configure:10149: gcc -c -g -O2  conftest.c >&5
configure:10149: $? = 0
configure:10149: result: yes
configure:10347: checking for objdir
configure:10362: result: .libs
configure:10629: checking if gcc supports -fno-rtti -fno-exceptions
configure:10647: gcc -c -g -O2  -fno-rtti -fno-exceptions conftest.c >&5
cc1: warning: command line option '-fno-rtti' is valid for C++/ObjC++ but not for C [enabled by default]
configure:10651: $? = 0
configure:10664: result: no
configure:10974: checking for gcc option to produce PIC
configure:10981: result: -fPIC -DPIC
configure:10989: checking if gcc PIC flag -fPIC -DPIC works
configure:11007: gcc -c -g -O2  -fPIC -DPIC -DPIC conftest.c >&5
configure:11011: $? = 0
configure:11024: result: yes
configure:11053: checking if gcc static flag -static works
configure:11081: result: yes
configure:11096: checking if gcc supports -c -o file.o
configure:11117: gcc -c -g -O2  -o out/conftest2.o conftest.c >&5
configure:11121: $? = 0
configure:11143: result: yes
configure:11151: checking if gcc supports -c -o file.o
configure:11198: result: yes
configure:11231: checking whether the gcc linker (/usr/bin/ld -m elf_x86_64) supports shared libraries
configure:12393: result: yes
configure:12430: checking whether -lc should be explicitly linked in
configure:12438: gcc -c -g -O2  conftest.c >&5
configure:12441: $? = 0
configure:12456: gcc -shared  -fPIC -DPIC conftest.o  -v -Wl,-soname -Wl,conftest -o conftest 2\>\&1 \| /usr/bin/grep  -lc  \>/dev/null 2\>\&1
configure:12459: $? = 0
configure:12473: result: no
configure:12638: checking dynamic linker characteristics
configure:13153: gcc -o conftest -g -O2   -Wl,-rpath -Wl,/foo conftest.c  >&5
configure:13153: $? = 0
configure:13387: result: GNU/Linux ld.so
configure:13494: checking how to hardcode library paths into programs
configure:13519: result: immediate
configure:14059: checking whether stripping libraries is possible
configure:14064: result: yes
configure:14099: checking if libtool supports shared libraries
configure:14101: result: yes
configure:14104: checking whether to build shared libraries
configure:14125: result: yes
configure:14128: checking whether to build static libraries
configure:14132: result: yes
configure:14155: checking how to run the C++ preprocessor
configure:14182: g++ -E  conftest.cpp
configure:14182: $? = 0
configure:14196: g++ -E  conftest.cpp
conftest.cpp:25:28: fatal error: ac_nonexistent.h: No such file or directory
compilation terminated.
configure:14196: $? = 1
configure: failed program was:
| /* confdefs.h */
| #define PACKAGE_NAME "zookeeper C client"
| #define PACKAGE_TARNAME "c-client-src"
| #define PACKAGE_VERSION "3.3.5"
| #define PACKAGE_STRING "zookeeper C client 3.3.5"
| #define PACKAGE_BUGREPORT "zookeeper-user@hadoop.apache.org"
| #define PACKAGE_URL ""
| #define PACKAGE "c-client-src"
| #define VERSION "3.3.5"
| #define HAVE_GENERATED_ZOOKEEPER_JUTE_C 1
| #define HAVE_GENERATED_ZOOKEEPER_JUTE_H 1
| #define STDC_HEADERS 1
| #define HAVE_SYS_TYPES_H 1
| #define HAVE_SYS_STAT_H 1
| #define HAVE_STDLIB_H 1
| #define HAVE_STRING_H 1
| #define HAVE_MEMORY_H 1
| #define HAVE_STRINGS_H 1
| #define HAVE_INTTYPES_H 1
| #define HAVE_STDINT_H 1
| #define HAVE_UNISTD_H 1
| #define HAVE_DLFCN_H 1
| #define LT_OBJDIR ".libs/"
| /* end confdefs.h.  */
| #include <ac_nonexistent.h>
configure:14221: result: g++ -E
configure:14241: g++ -E  conftest.cpp
configure:14241: $? = 0
configure:14255: g++ -E  conftest.cpp
conftest.cpp:25:28: fatal error: ac_nonexistent.h: No such file or directory
compilation terminated.
configure:14255: $? = 1
configure: failed program was:
| /* confdefs.h */
| #define PACKAGE_NAME "zookeeper C client"
| #define PACKAGE_TARNAME "c-client-src"
| #define PACKAGE_VERSION "3.3.5"
| #define PACKAGE_STRING "zookeeper C client 3.3.5"
| #define PACKAGE_BUGREPORT "zookeeper-user@hadoop.apache.org"
| #define PACKAGE_URL ""
| #define PACKAGE "c-client-src"
| #define VERSION "3.3.5"
| #define HAVE_GENERATED_ZOOKEEPER_JUTE_C 1
| #define HAVE_GENERATED_ZOOKEEPER_JUTE_H 1
| #define STDC_HEADERS 1
| #define HAVE_SYS_TYPES_H 1
| #define HAVE_SYS_STAT_H 1
| #define HAVE_STDLIB_H 1
| #define HAVE_STRING_H 1
| #define HAVE_MEMORY_H 1
| #define HAVE_STRINGS_H 1
| #define HAVE_INTTYPES_H 1
| #define HAVE_STDINT_H 1
| #define HAVE_UNISTD_H 1
| #define HAVE_DLFCN_H 1
| #define LT_OBJDIR ".libs/"
| /* end confdefs.h.  */
| #include <ac_nonexistent.h>
configure:14425: checking for ld used by g++
configure:14492: result: /usr/bin/ld -m elf_x86_64
configure:14499: checking if the linker (/usr/bin/ld -m elf_x86_64) is GNU ld
configure:14514: result: yes
configure:14569: checking whether the g++ linker (/usr/bin/ld -m elf_x86_64) supports shared libraries
configure:15573: result: yes
configure:15608: g++ -c -g -O2  conftest.cpp >&5
configure:15611: $? = 0
configure:16131: checking for g++ option to produce PIC
configure:16138: result: -fPIC -DPIC
configure:16146: checking if g++ PIC flag -fPIC -DPIC works
configure:16164: g++ -c -g -O2  -fPIC -DPIC -DPIC conftest.cpp >&5
configure:16168: $? = 0
configure:16181: result: yes
configure:16204: checking if g++ static flag -static works
configure:16232: result: yes
configure:16244: checking if g++ supports -c -o file.o
configure:16265: g++ -c -g -O2  -o out/conftest2.o conftest.cpp >&5
configure:16269: $? = 0
configure:16291: result: yes
configure:16296: checking if g++ supports -c -o file.o
configure:16343: result: yes
configure:16373: checking whether the g++ linker (/usr/bin/ld -m elf_x86_64) supports shared libraries
configure:16410: result: yes
configure:16553: checking dynamic linker characteristics
configure:17236: result: GNU/Linux ld.so
configure:17289: checking how to hardcode library paths into programs
configure:17314: result: immediate
configure:17396: checking for pthread_mutex_lock in -lpthread
configure:17421: gcc -o conftest -g -O2 -D_GNU_SOURCE   conftest.c -lpthread   >&5
configure:17421: $? = 0
configure:17430: result: yes
configure:17445: building with SyncAPI support
configure:17462: checking for ANSI C header files
configure:17566: result: yes
configure:17577: checking arpa/inet.h usability
configure:17577: gcc -c -g -O2 -D_GNU_SOURCE  conftest.c >&5
configure:17577: $? = 0
configure:17577: result: yes
configure:17577: checking arpa/inet.h presence
configure:17577: gcc -E  conftest.c
configure:17577: $? = 0
configure:17577: result: yes
configure:17577: checking for arpa/inet.h
configure:17577: result: yes
configure:17577: checking fcntl.h usability
configure:17577: gcc -c -g -O2 -D_GNU_SOURCE  conftest.c >&5
configure:17577: $? = 0
configure:17577: result: yes
configure:17577: checking fcntl.h presence
configure:17577: gcc -E  conftest.c
configure:17577: $? = 0
configure:17577: result: yes
configure:17577: checking for fcntl.h
configure:17577: result: yes
configure:17577: checking netdb.h usability
configure:17577: gcc -c -g -O2 -D_GNU_SOURCE  conftest.c >&5
configure:17577: $? = 0
configure:17577: result: yes
configure:17577: checking netdb.h presence
configure:17577: gcc -E  conftest.c
configure:17577: $? = 0
configure:17577: result: yes
configure:17577: checking for netdb.h
configure:17577: result: yes
configure:17577: checking netinet/in.h usability
configure:17577: gcc -c -g -O2 -D_GNU_SOURCE  conftest.c >&5
configure:17577: $? = 0
configure:17577: result: yes
configure:17577: checking netinet/in.h presence
configure:17577: gcc -E  conftest.c
configure:17577: $? = 0
configure:17577: result: yes
configure:17577: checking for netinet/in.h
configure:17577: result: yes
configure:17577: checking for stdlib.h
configure:17577: result: yes
configure:17577: checking for string.h
configure:17577: result: yes
configure:17577: checking sys/socket.h usability
configure:17577: gcc -c -g -O2 -D_GNU_SOURCE  conftest.c >&5
configure:17577: $? = 0
configure:17577: result: yes
configure:17577: checking sys/socket.h presence
configure:17577: gcc -E  conftest.c
configure:17577: $? = 0
configure:17577: result: yes
configure:17577: checking for sys/socket.h
configure:17577: result: yes
configure:17577: checking sys/time.h usability
configure:17577: gcc -c -g -O2 -D_GNU_SOURCE  conftest.c >&5
configure:17577: $? = 0
configure:17577: result: yes
configure:17577: checking sys/time.h presence
configure:17577: gcc -E  conftest.c
configure:17577: $? = 0
configure:17577: result: yes
configure:17577: checking for sys/time.h
configure:17577: result: yes
configure:17577: checking for unistd.h
configure:17577: result: yes
configure:17577: checking sys/utsname.h usability
configure:17577: gcc -c -g -O2 -D_GNU_SOURCE  conftest.c >&5
configure:17577: $? = 0
configure:17577: result: yes
configure:17577: checking sys/utsname.h presence
configure:17577: gcc -E  conftest.c
configure:17577: $? = 0
configure:17577: result: yes
configure:17577: checking for sys/utsname.h
configure:17577: result: yes
configure:17589: checking for an ANSI C-conforming const
configure:17655: gcc -c -g -O2 -D_GNU_SOURCE  conftest.c >&5
configure:17655: $? = 0
configure:17662: result: yes
configure:17670: checking for inline
configure:17686: gcc -c -g -O2 -D_GNU_SOURCE  conftest.c >&5
configure:17686: $? = 0
configure:17694: result: inline
configure:17712: checking whether time.h and sys/time.h may both be included
configure:17732: gcc -c -g -O2 -D_GNU_SOURCE  conftest.c >&5
configure:17732: $? = 0
configure:17739: result: yes
configure:17747: checking for nfds_t
configure:17747: gcc -c -g -O2 -D_GNU_SOURCE  conftest.c >&5
configure:17747: $? = 0
configure:17747: gcc -c -g -O2 -D_GNU_SOURCE  conftest.c >&5
conftest.c: In function 'main':
conftest.c:42:21: error: expected expression before ')' token
configure:17747: $? = 1
configure: failed program was:
| /* confdefs.h */
| #define PACKAGE_NAME "zookeeper C client"
| #define PACKAGE_TARNAME "c-client-src"
| #define PACKAGE_VERSION "3.3.5"
| #define PACKAGE_STRING "zookeeper C client 3.3.5"
| #define PACKAGE_BUGREPORT "zookeeper-user@hadoop.apache.org"
| #define PACKAGE_URL ""
| #define PACKAGE "c-client-src"
| #define VERSION "3.3.5"
| #define HAVE_GENERATED_ZOOKEEPER_JUTE_C 1
| #define HAVE_GENERATED_ZOOKEEPER_JUTE_H 1
| #define STDC_HEADERS 1
| #define HAVE_SYS_TYPES_H 1
| #define HAVE_SYS_STAT_H 1
| #define HAVE_STDLIB_H 1
| #define HAVE_STRING_H 1
| #define HAVE_MEMORY_H 1
| #define HAVE_STRINGS_H 1
| #define HAVE_INTTYPES_H 1
| #define HAVE_STDINT_H 1
| #define HAVE_UNISTD_H 1
| #define HAVE_DLFCN_H 1
| #define LT_OBJDIR ".libs/"
| #define STDC_HEADERS 1
| #define HAVE_ARPA_INET_H 1
| #define HAVE_FCNTL_H 1
| #define HAVE_NETDB_H 1
| #define HAVE_NETINET_IN_H 1
| #define HAVE_STDLIB_H 1
| #define HAVE_STRING_H 1
| #define HAVE_SYS_SOCKET_H 1
| #define HAVE_SYS_TIME_H 1
| #define HAVE_UNISTD_H 1
| #define HAVE_SYS_UTSNAME_H 1
| #define TIME_WITH_SYS_TIME 1
| /* end confdefs.h.  */
| #include <poll.h>
| 
| int
| main ()
| {
| if (sizeof ((nfds_t)))
| 	    return 0;
|   ;
|   return 0;
| }
configure:17747: result: yes
configure:17760: checking whether to enable ipv6
configure:17782: gcc -o conftest -g -O2 -D_GNU_SOURCE   conftest.c  >&5
conftest.c: In function 'main':
conftest.c:44:4: warning: incompatible implicit declaration of built-in function 'exit' [enabled by default]
configure:17782: $? = 0
configure:17782: ./conftest
configure:17782: $? = 0
configure:17783: result: yes
configure:17805: checking for getcwd
configure:17805: gcc -o conftest -g -O2 -D_GNU_SOURCE   conftest.c  >&5
configure:17805: $? = 0
configure:17805: result: yes
configure:17805: checking for gethostbyname
configure:17805: gcc -o conftest -g -O2 -D_GNU_SOURCE   conftest.c  >&5
configure:17805: $? = 0
configure:17805: result: yes
configure:17805: checking for gethostname
configure:17805: gcc -o conftest -g -O2 -D_GNU_SOURCE   conftest.c  >&5
configure:17805: $? = 0
configure:17805: result: yes
configure:17805: checking for getlogin
configure:17805: gcc -o conftest -g -O2 -D_GNU_SOURCE   conftest.c  >&5
configure:17805: $? = 0
configure:17805: result: yes
configure:17805: checking for getpwuid_r
configure:17805: gcc -o conftest -g -O2 -D_GNU_SOURCE   conftest.c  >&5
configure:17805: $? = 0
configure:17805: result: yes
configure:17805: checking for gettimeofday
configure:17805: gcc -o conftest -g -O2 -D_GNU_SOURCE   conftest.c  >&5
configure:17805: $? = 0
configure:17805: result: yes
configure:17805: checking for getuid
configure:17805: gcc -o conftest -g -O2 -D_GNU_SOURCE   conftest.c  >&5
configure:17805: $? = 0
configure:17805: result: yes
configure:17805: checking for memmove
configure:17805: gcc -o conftest -g -O2 -D_GNU_SOURCE   conftest.c  >&5
conftest.c:68:6: warning: conflicting types for built-in function 'memmove' [enabled by default]
configure:17805: $? = 0
configure:17805: result: yes
configure:17805: checking for memset
configure:17805: gcc -o conftest -g -O2 -D_GNU_SOURCE   conftest.c  >&5
conftest.c:69:6: warning: conflicting types for built-in function 'memset' [enabled by default]
configure:17805: $? = 0
configure:17805: result: yes
configure:17805: checking for poll
configure:17805: gcc -o conftest -g -O2 -D_GNU_SOURCE   conftest.c  >&5
configure:17805: $? = 0
configure:17805: result: yes
configure:17805: checking for socket
configure:17805: gcc -o conftest -g -O2 -D_GNU_SOURCE   conftest.c  >&5
configure:17805: $? = 0
configure:17805: result: yes
configure:17805: checking for strchr
configure:17805: gcc -o conftest -g -O2 -D_GNU_SOURCE   conftest.c  >&5
conftest.c:72:6: warning: conflicting types for built-in function 'strchr' [enabled by default]
configure:17805: $? = 0
configure:17805: result: yes
configure:17805: checking for strdup
configure:17805: gcc -o conftest -g -O2 -D_GNU_SOURCE   conftest.c  >&5
conftest.c:73:6: warning: conflicting types for built-in function 'strdup' [enabled by default]
configure:17805: $? = 0
configure:17805: result: yes
configure:17805: checking for strerror
configure:17805: gcc -o conftest -g -O2 -D_GNU_SOURCE   conftest.c  >&5
configure:17805: $? = 0
configure:17805: result: yes
configure:17805: checking for strtol
configure:17805: gcc -o conftest -g -O2 -D_GNU_SOURCE   conftest.c  >&5
configure:17805: $? = 0
configure:17805: result: yes
configure:18043: creating ./config.status

## ---------------- ##
## Cache variables. ##
## ---------------- ##

ac_cv_build=x86_64-unknown-linux-gnu
ac_cv_c_compiler_gnu=yes
ac_cv_c_const=yes
ac_cv_c_inline=inline
ac_cv_cxx_compiler_gnu=yes
ac_cv_env_CCC_set=
ac_cv_env_CCC_value=
ac_cv_env_CC_set=
ac_cv_env_CC_value=
ac_cv_env_CFLAGS_set=
ac_cv_env_CFLAGS_value=
ac_cv_env_CPPFLAGS_set=
ac_cv_env_CPPFLAGS_value=
ac_cv_env_CPP_set=
ac_cv_env_CPP_value=
ac_cv_env_CXXCPP_set=
ac_cv_env_CXXCPP_value=
ac_cv_env_CXXFLAGS_set=
ac_cv_env_CXXFLAGS_value=
ac_cv_env_CXX_set=
ac_cv_env_CXX_value=
ac_cv_env_DOXYGEN_PAPER_SIZE_set=
ac_cv_env_DOXYGEN_PAPER_SIZE_value=
ac_cv_env_LDFLAGS_set=
ac_cv_env_LDFLAGS_value=
ac_cv_env_LIBS_set=
ac_cv_env_LIBS_value=
ac_cv_env_build_alias_set=
ac_cv_env_build_alias_value=
ac_cv_env_host_alias_set=
ac_cv_env_host_alias_value=
ac_cv_env_target_alias_set=
ac_cv_env_target_alias_value=
ac_cv_file_generated_zookeeper_jute_c=yes
ac_cv_file_generated_zookeeper_jute_h=yes
ac_cv_func_getcwd=yes
ac_cv_func_gethostbyname=yes
ac_cv_func_gethostname=yes
ac_cv_func_getlogin=yes
ac_cv_func_getpwuid_r=yes
ac_cv_func_gettimeofday=yes
ac_cv_func_getuid=yes
ac_cv_func_memmove=yes
ac_cv_func_memset=yes
ac_cv_func_poll=yes
ac_cv_func_socket=yes
ac_cv_func_strchr=yes
ac_cv_func_strdup=yes
ac_cv_func_strerror=yes
ac_cv_func_strtol=yes
ac_cv_header_arpa_inet_h=yes
ac_cv_header_dlfcn_h=yes
ac_cv_header_fcntl_h=yes
ac_cv_header_inttypes_h=yes
ac_cv_header_memory_h=yes
ac_cv_header_netdb_h=yes
ac_cv_header_netinet_in_h=yes
ac_cv_header_stdc=yes
ac_cv_header_stdint_h=yes
ac_cv_header_stdlib_h=yes
ac_cv_header_string_h=yes
ac_cv_header_strings_h=yes
ac_cv_header_sys_socket_h=yes
ac_cv_header_sys_stat_h=yes
ac_cv_header_sys_time_h=yes
ac_cv_header_sys_types_h=yes
ac_cv_header_sys_utsname_h=yes
ac_cv_header_time=yes
ac_cv_header_unistd_h=yes
ac_cv_host=x86_64-unknown-linux-gnu
ac_cv_lib_pthread_pthread_mutex_lock=yes
ac_cv_objext=o
ac_cv_path_CPPUNIT_CONFIG=no
ac_cv_path_EGREP='/usr/bin/grep -E'
ac_cv_path_FGREP='/usr/bin/grep -F'
ac_cv_path_GREP=/usr/bin/grep
ac_cv_path_SED=/bin/sed
ac_cv_path_ac_pt_DX_PERL=/usr/bin/perl
ac_cv_path_install='/usr/bin/install -c'
ac_cv_path_mkdir=/bin/mkdir
ac_cv_prog_AWK=gawk
ac_cv_prog_CPP='gcc -E'
ac_cv_prog_CXXCPP='g++ -E'
ac_cv_prog_ac_ct_AR=ar
ac_cv_prog_ac_ct_CC=gcc
ac_cv_prog_ac_ct_CXX=g++
ac_cv_prog_ac_ct_OBJDUMP=objdump
ac_cv_prog_ac_ct_RANLIB=ranlib
ac_cv_prog_ac_ct_STRIP=strip
ac_cv_prog_cc_c89=
ac_cv_prog_cc_g=yes
ac_cv_prog_cc_gcc_c_o=yes
ac_cv_prog_cxx_g=yes
ac_cv_prog_make_make_set=yes
ac_cv_type_nfds_t=yes
am_cv_CC_dependencies_compiler_type=gcc3
am_cv_CXX_dependencies_compiler_type=gcc3
lt_cv_ar_at_file=@
lt_cv_archive_cmds_need_lc=no
lt_cv_deplibs_check_method=pass_all
lt_cv_file_magic_cmd='$MAGIC_CMD'
lt_cv_file_magic_test_file=
lt_cv_ld_reload_flag=-r
lt_cv_nm_interface='BSD nm'
lt_cv_objdir=.libs
lt_cv_path_LD=/usr/bin/ld
lt_cv_path_LDCXX='/usr/bin/ld -m elf_x86_64'
lt_cv_path_NM='/usr/bin/nm -B'
lt_cv_path_mainfest_tool=no
lt_cv_prog_compiler_c_o=yes
lt_cv_prog_compiler_c_o_CXX=yes
lt_cv_prog_compiler_pic='-fPIC -DPIC'
lt_cv_prog_compiler_pic_CXX='-fPIC -DPIC'
lt_cv_prog_compiler_pic_works=yes
lt_cv_prog_compiler_pic_works_CXX=yes
lt_cv_prog_compiler_rtti_exceptions=no
lt_cv_prog_compiler_static_works=yes
lt_cv_prog_compiler_static_works_CXX=yes
lt_cv_prog_gnu_ld=yes
lt_cv_prog_gnu_ldcxx=yes
lt_cv_sharedlib_from_linklib_cmd='printf %s\n'
lt_cv_shlibpath_overrides_runpath=no
lt_cv_sys_global_symbol_pipe='sed -n -e '\''s/^.*[	 ]\([ABCDGIRSTW][ABCDGIRSTW]*\)[	 ][	 ]*\([_A-Za-z][_A-Za-z0-9]*\)$/\1 \2 \2/p'\'' | sed '\''/ __gnu_lto/d'\'''
lt_cv_sys_global_symbol_to_c_name_address='sed -n -e '\''s/^: \([^ ]*\)[ ]*$/  {\"\1\", (void *) 0},/p'\'' -e '\''s/^[ABCDGIRSTW]* \([^ ]*\) \([^ ]*\)$/  {"\2", (void *) \&\2},/p'\'''
lt_cv_sys_global_symbol_to_c_name_address_lib_prefix='sed -n -e '\''s/^: \([^ ]*\)[ ]*$/  {\"\1\", (void *) 0},/p'\'' -e '\''s/^[ABCDGIRSTW]* \([^ ]*\) \(lib[^ ]*\)$/  {"\2", (void *) \&\2},/p'\'' -e '\''s/^[ABCDGIRSTW]* \([^ ]*\) \([^ ]*\)$/  {"lib\2", (void *) \&\2},/p'\'''
lt_cv_sys_global_symbol_to_cdecl='sed -n -e '\''s/^T .* \(.*\)$/extern int \1();/p'\'' -e '\''s/^[ABCDGIRSTW]* .* \(.*\)$/extern char \1;/p'\'''
lt_cv_sys_max_cmd_len=1572864
lt_cv_to_host_file_cmd=func_convert_file_noop
lt_cv_to_tool_file_cmd=func_convert_file_noop

## ----------------- ##
## Output variables. ##
## ----------------- ##

ACLOCAL='${SHELL} /root/zookeeper-3.3.5/src/c/missing --run aclocal-1.11'
AMDEPBACKSLASH='\'
AMDEP_FALSE='#'
AMDEP_TRUE=''
AMTAR='${SHELL} /root/zookeeper-3.3.5/src/c/missing --run tar'
AR='ar'
AUTOCONF='${SHELL} /root/zookeeper-3.3.5/src/c/missing --run autoconf'
AUTOHEADER='${SHELL} /root/zookeeper-3.3.5/src/c/missing --run autoheader'
AUTOMAKE='${SHELL} /root/zookeeper-3.3.5/src/c/missing --run automake-1.11'
AWK='gawk'
CC='gcc'
CCDEPMODE='depmode=gcc3'
CFLAGS='-g -O2 -D_GNU_SOURCE'
CPP='gcc -E'
CPPFLAGS=''
CPPUNIT_CFLAGS=' -DZKSERVER_CMD="\"./tests/zkServer.sh\""'
CPPUNIT_CONFIG='no'
CPPUNIT_LIBS=''
CXX='g++'
CXXCPP='g++ -E'
CXXDEPMODE='depmode=gcc3'
CXXFLAGS='-g -O2'
CYGPATH_W='echo'
DEFS='-DHAVE_CONFIG_H'
DEPDIR='.deps'
DLLTOOL='false'
DOXYGEN_PAPER_SIZE=''
DSYMUTIL=''
DUMPBIN=''
DX_COND_chi_FALSE=''
DX_COND_chi_TRUE='#'
DX_COND_chm_FALSE=''
DX_COND_chm_TRUE='#'
DX_COND_doc_FALSE='#'
DX_COND_doc_TRUE=''
DX_COND_dot_FALSE='#'
DX_COND_dot_TRUE=''
DX_COND_html_FALSE='#'
DX_COND_html_TRUE=''
DX_COND_latex_FALSE=''
DX_COND_latex_TRUE='#'
DX_COND_man_FALSE=''
DX_COND_man_TRUE='#'
DX_COND_pdf_FALSE=''
DX_COND_pdf_TRUE='#'
DX_COND_ps_FALSE=''
DX_COND_ps_TRUE='#'
DX_COND_rtf_FALSE=''
DX_COND_rtf_TRUE='#'
DX_COND_xml_FALSE=''
DX_COND_xml_TRUE='#'
DX_CONFIG='c-doc.Doxyfile'
DX_DOCDIR='docs'
DX_DOT=''
DX_DOXYGEN=''
DX_DVIPS=''
DX_EGREP=''
DX_ENV=' SRCDIR='\''.'\'' PROJECT='\''zookeeper'\'' DOCDIR='\''docs'\'' VERSION='\''3.3.5'\'' PERL_PATH='\''/usr/bin/perl'\'' HAVE_DOT='\''YES'\'' DOT_PATH='\''.'\'' GENERATE_MAN='\''NO'\'' GENERATE_RTF='\''NO'\'' GENERATE_XML='\''NO'\'' GENERATE_HTMLHELP='\''NO'\'' GENERATE_CHI='\''NO'\'' GENERATE_HTML='\''YES'\'' GENERATE_LATEX='\''NO'\'''
DX_FLAG_chi='0'
DX_FLAG_chm='0'
DX_FLAG_doc='1'
DX_FLAG_dot='1'
DX_FLAG_html='1'
DX_FLAG_man='0'
DX_FLAG_pdf='0'
DX_FLAG_ps='0'
DX_FLAG_rtf='0'
DX_FLAG_xml='0'
DX_HHC=''
DX_LATEX=''
DX_MAKEINDEX=''
DX_PDFLATEX=''
DX_PERL='/usr/bin/perl'
DX_PROJECT='zookeeper'
ECHO_C=''
ECHO_N='-n'
ECHO_T=''
EGREP='/usr/bin/grep -E'
EXEEXT=''
FGREP='/usr/bin/grep -F'
GREP='/usr/bin/grep'
INSTALL_DATA='${INSTALL} -m 644'
INSTALL_PROGRAM='${INSTALL}'
INSTALL_SCRIPT='${INSTALL}'
INSTALL_STRIP_PROGRAM='$(install_sh) -c -s'
LD='/usr/bin/ld -m elf_x86_64'
LDFLAGS=''
LIBOBJS=''
LIBS=''
LIBTOOL='$(SHELL) $(top_builddir)/libtool'
LIPO=''
LN_S='ln -s'
LTLIBOBJS=''
MAKEINFO='${SHELL} /root/zookeeper-3.3.5/src/c/missing --run makeinfo'
MANIFEST_TOOL=':'
MKDIR_P='/bin/mkdir -p'
NM='/usr/bin/nm -B'
NMEDIT=''
OBJDUMP='objdump'
OBJEXT='o'
OTOOL64=''
OTOOL=''
PACKAGE='c-client-src'
PACKAGE_BUGREPORT='zookeeper-user@hadoop.apache.org'
PACKAGE_NAME='zookeeper C client'
PACKAGE_STRING='zookeeper C client 3.3.5'
PACKAGE_TARNAME='c-client-src'
PACKAGE_URL=''
PACKAGE_VERSION='3.3.5'
PATH_SEPARATOR=':'
RANLIB='ranlib'
SED='/bin/sed'
SET_MAKE=''
SHELL='/bin/sh'
STRIP='strip'
USEIPV6='-DZOO_IPV6_ENABLED'
VERSION='3.3.5'
WANT_SYNCAPI_FALSE='#'
WANT_SYNCAPI_TRUE=''
ac_ct_AR='ar'
ac_ct_CC='gcc'
ac_ct_CXX='g++'
ac_ct_DUMPBIN=''
am__EXEEXT_FALSE=''
am__EXEEXT_TRUE='#'
am__fastdepCC_FALSE='#'
am__fastdepCC_TRUE=''
am__fastdepCXX_FALSE='#'
am__fastdepCXX_TRUE=''
am__include='include'
am__isrc=''
am__leading_dot='.'
am__quote=''
am__tar='${AMTAR} chof - "$$tardir"'
am__untar='${AMTAR} xf -'
bindir='${exec_prefix}/bin'
build='x86_64-unknown-linux-gnu'
build_alias=''
build_cpu='x86_64'
build_os='linux-gnu'
build_vendor='unknown'
datadir='${datarootdir}'
datarootdir='${prefix}/share'
docdir='${datarootdir}/doc/${PACKAGE_TARNAME}'
dvidir='${docdir}'
exec_prefix='${prefix}'
host='x86_64-unknown-linux-gnu'
host_alias=''
host_cpu='x86_64'
host_os='linux-gnu'
host_vendor='unknown'
htmldir='${docdir}'
includedir='${prefix}/include'
infodir='${datarootdir}/info'
install_sh='${SHELL} /root/zookeeper-3.3.5/src/c/install-sh'
libdir='${exec_prefix}/lib'
libexecdir='${exec_prefix}/libexec'
localedir='${datarootdir}/locale'
localstatedir='${prefix}/var'
mandir='${datarootdir}/man'
mkdir_p='/bin/mkdir -p'
oldincludedir='/usr/include'
pdfdir='${docdir}'
prefix='/usr'
program_transform_name='s,x,x,'
psdir='${docdir}'
sbindir='${exec_prefix}/sbin'
sharedstatedir='${prefix}/com'
sysconfdir='${prefix}/etc'
target_alias=''

## ----------- ##
## confdefs.h. ##
## ----------- ##

/* confdefs.h */
#define PACKAGE_NAME "zookeeper C client"
#define PACKAGE_TARNAME "c-client-src"
#define PACKAGE_VERSION "3.3.5"
#define PACKAGE_STRING "zookeeper C client 3.3.5"
#define PACKAGE_BUGREPORT "zookeeper-user@hadoop.apache.org"
#define PACKAGE_URL ""
#define PACKAGE "c-client-src"
#define VERSION "3.3.5"
#define HAVE_GENERATED_ZOOKEEPER_JUTE_C 1
#define HAVE_GENERATED_ZOOKEEPER_JUTE_H 1
#define STDC_HEADERS 1
#define HAVE_SYS_TYPES_H 1
#define HAVE_SYS_STAT_H 1
#define HAVE_STDLIB_H 1
#define HAVE_STRING_H 1
#define HAVE_MEMORY_H 1
#define HAVE_STRINGS_H 1
#define HAVE_INTTYPES_H 1
#define HAVE_STDINT_H 1
#define HAVE_UNISTD_H 1
#define HAVE_DLFCN_H 1
#define LT_OBJDIR ".libs/"
#define STDC_HEADERS 1
#define HAVE_ARPA_INET_H 1
#define HAVE_FCNTL_H 1
#define HAVE_NETDB_H 1
#define HAVE_NETINET_IN_H 1
#define HAVE_STDLIB_H 1
#define HAVE_STRING_H 1
#define HAVE_SYS_SOCKET_H 1
#define HAVE_SYS_TIME_H 1
#define HAVE_UNISTD_H 1
#define HAVE_SYS_UTSNAME_H 1
#define TIME_WITH_SYS_TIME 1
#define POLL_NFDS_TYPE nfds_t
#define HAVE_GETCWD 1
#define HAVE_GETHOSTBYNAME 1
#define HAVE_GETHOSTNAME 1
#define HAVE_GETLOGIN 1
#define HAVE_GETPWUID_R 1
#define HAVE_GETTIMEOFDAY 1
#define HAVE_GETUID 1
#define HAVE_MEMMOVE 1
#define HAVE_MEMSET 1
#define HAVE_POLL 1
#define HAVE_SOCKET 1
#define HAVE_STRCHR 1
#define HAVE_STRDUP 1
#define HAVE_STRERROR 1
#define HAVE_STRTOL 1

configure: exit 0

## ---------------------- ##
## Running config.status. ##
## ---------------------- ##

This file was extended by zookeeper C client config.status 3.3.5, which was
generated by GNU Autoconf 2.69.  Invocation command line was

  CONFIG_FILES    = 
  CONFIG_HEADERS  = 
  CONFIG_LINKS    = 
  CONFIG_COMMANDS = 
  $ ./config.status 

on u200

config.status:1222: creating Makefile
config.status:1222: creating config.h
config.status:1403: config.h is unchanged
config.status:1451: executing depfiles commands
config.status:1451: executing libtool commands

## ---------------------- ##
## Running config.status. ##
## ---------------------- ##

This file was extended by zookeeper C client config.status 3.3.5, which was
generated by GNU Autoconf 2.69.  Invocation command line was

  CONFIG_FILES    = 
  CONFIG_HEADERS  = 
  CONFIG_LINKS    = 
  CONFIG_COMMANDS = 
  $ ./config.status config.h

on u200

config.status:1222: creating config.h
config.status:1403: config.h is unchanged
